[LOG] System::create                           : Header version = 1.10.01. Current version = 1.10.01.
[LOG] Manager::init                            : maxchannels = 256 studioflags = 00000006 flags 00000000 extradriverdata 0000000000000000.
[LOG] SystemI::init                            : FMOD Studio Version: 00011001 (91339)
[LOG] SystemI::init                            : maxchannels = 256, flags = 00020000, extradriverdata = 0000000000000000
[LOG] SystemI::setOutputInternal               : Setting output to type 0
[LOG] SystemI::setOutputInternal               : Setting output to type 8
[LOG] SystemI::setOutputInternal               : Setting output to type 8
[LOG] OutputWASAPI::init                       : Mix Format (WAVEFORMATEX): wFormatTag=0xFFFE, nChannels=2, nSamplesPerSec=48000, nAvgBytesPerSec=384000, nBlockAlign=8, wBitsPerSample=32, cbSize=22.
[LOG] OutputWASAPI::init                       : Mix Format (WAVEFORMATEXTENSIBLE): wValidBitsPerSample=32, dwChannelMask=0x00000003, SubFormat=00000003-0000-0010-8000-00AA00389B71.
[LOG] OutputWASAPI::init                       : Output buffer size: 4096 samples, latency: 0.00ms, period: 10.00ms, DSP buffer: 1024 * 4
[LOG] SystemI::init                            : Create master channel group and master sound group.
[LOG] SystemI::init                            : Set up emulated output.  256 channels
[LOG] SystemI::init                            : create the channel pool
[LOG] SystemI::init                            : create the stream thread
[LOG] Thread::initThread                       : Init FMOD stream thread. Priority: 2, Stack Size: 65536, Semaphore: No, Sleep Time: 10, Looping: Yes.
[LOG] Thread::initThread                       : Init FMOD mixer thread. Priority: 3, Stack Size: 49152, Semaphore: No, Sleep Time: 0, Looping: Yes.
[LOG] AsyncManager::init                       : manager 0000000076DD52A8 isAsync 0 updatePeriod 0.02
[LOG] AsyncManager::init                       : done
[LOG] PlaybackSystem::init                     : 
[LOG] Thread::initThread                       : Init FMOD Studio sample load thread. Priority: 0, Stack Size: 65536, Semaphore: No, Sleep Time: 1, Looping: No.
[LOG] PlaybackSystem::init                     : done
[LOG] Thread::initThread                       : Init FMOD Studio bank load thread. Priority: 0, Stack Size: 65536, Semaphore: No, Sleep Time: 1, Looping: No.
[LOG] Manager::init                            : done.
[LOG] Manager::readBank                        : fileversion = 99, compatVersion = 99 (oldest = 44, newest = 99)
[LOG] SystemI::createSoundInternal             : filename =  : mode 02000202
[LOG] SystemI::createSoundInternal             : exinfo->cbsize             = 232
[LOG] SystemI::createSoundInternal             : exinfo->length             = 4892384
[LOG] SystemI::createSoundInternal             : exinfo->fileoffset         = 38976
[LOG] SystemI::createSoundInternal             : exinfo->numsubsounds       = 1
[LOG] SystemI::createSoundInternal             : exinfo->inclusionlist      = 000000007627F5FC
[LOG] SystemI::createSoundInternal             : exinfo->inclusionlistnum   = 1
[LOG] SystemI::createSoundInternal             : exinfo->suggestedsoundtype = 5
[LOG] SystemI::createSoundInternal             : exinfo->useropen           = 00007FFD00E557A0
[LOG] SystemI::createSoundInternal             : exinfo->userclose          = 00007FFD00E55770
[LOG] SystemI::createSoundInternal             : exinfo->userread           = 00007FFD00E55870
[LOG] SystemI::createSoundInternal             : exinfo->userseek           = 00007FFD00E55920
[LOG] SystemI::createSoundInternal             : exinfo->fileuserdata       = 000000006615BFB8
[LOG] SystemI::createSoundInternal             : exinfo->initialseekpostype = 1
[LOG] SystemI::DSPCodecPoolRegister            : register codec pool for pool type 5
[LOG] SystemI::createSoundInternal             : Format has 1 subsounds.
[LOG] SystemI::createSoundInternal             : Create as FMOD_CREATESAMPLE
[LOG] SystemI::createSoundInternal             : Multi-sample sound (1 subsounds), create a sample container.
[LOG] SystemI::createSoundInternal             : creating subsound 0/1
[LOG] SystemI::createSample                    : mode 02000202 length 35355 samples, lengthbytes 7616
[LOG] SystemI::createSample                    : channels = 2
[LOG] SystemI::createSample                    : output = 0000000076C82D28
[LOG] OutputSoftware::createSample             : lengthpcm 35355, lengthbytes 7616, channels 2, format 2, freq 48000, mode 0200020a
[LOG] SystemI::createSoundInternal             : No name found in file, use filename.
[LOG] SystemI::createSoundInternal             : done.  OpenState now = FMOD_OPENSTATE_READY.

[LOG] SystemI::createSoundInternal             : filename =  : mode 02000202
[LOG] SystemI::createSoundInternal             : exinfo->cbsize             = 232
[LOG] SystemI::createSoundInternal             : exinfo->length             = 4892384
[LOG] SystemI::createSoundInternal             : exinfo->fileoffset         = 38976
[LOG] SystemI::createSoundInternal             : exinfo->numsubsounds       = 1
[LOG] SystemI::createSoundInternal             : exinfo->inclusionlist      = 000000007627F5FC
[LOG] SystemI::createSoundInternal             : exinfo->inclusionlistnum   = 1
[LOG] SystemI::createSoundInternal             : exinfo->suggestedsoundtype = 5
[LOG] SystemI::createSoundInternal             : exinfo->useropen           = 00007FFD00E557A0
[LOG] SystemI::createSoundInternal             : exinfo->userclose          = 00007FFD00E55770
[LOG] SystemI::createSoundInternal             : exinfo->userread           = 00007FFD00E55870
[LOG] SystemI::createSoundInternal             : exinfo->userseek           = 00007FFD00E55920
[LOG] SystemI::createSoundInternal             : exinfo->fileuserdata       = 000000006615BFB8
[LOG] SystemI::createSoundInternal             : exinfo->initialseekpostype = 1
[LOG] SystemI::DSPCodecPoolRegister            : register codec pool for pool type 5
[LOG] SystemI::createSoundInternal             : Format has 1 subsounds.
[LOG] SystemI::createSoundInternal             : Create as FMOD_CREATESAMPLE
[LOG] SystemI::createSoundInternal             : Multi-sample sound (1 subsounds), create a sample container.
[LOG] SystemI::createSoundInternal             : creating subsound 0/1
[LOG] SystemI::createSample                    : mode 02000202 length 58796 samples, lengthbytes 15744
[LOG] SystemI::createSample                    : channels = 2
[LOG] SystemI::createSample                    : output = 0000000076C82D28
[LOG] OutputSoftware::createSample             : lengthpcm 58796, lengthbytes 15744, channels 2, format 2, freq 48000, mode 0200020a
[LOG] SystemI::createSoundInternal             : No name found in file, use filename.
[LOG] SystemI::createSoundInternal             : done.  OpenState now = FMOD_OPENSTATE_READY.

[LOG] Manager::readBank                        : fileversion = 99, compatVersion = 99 (oldest = 44, newest = 99)
[LOG] SystemI::createSoundInternal             : filename =  : mode 02000202
[LOG] SystemI::createSoundInternal             : exinfo->cbsize             = 232
[LOG] SystemI::createSoundInternal             : exinfo->length             = 4892384
[LOG] SystemI::createSoundInternal             : exinfo->fileoffset         = 38976
[LOG] SystemI::createSoundInternal             : exinfo->numsubsounds       = 1
[LOG] SystemI::createSoundInternal             : exinfo->inclusionlist      = 000000007627F5FC
[LOG] SystemI::createSoundInternal             : exinfo->inclusionlistnum   = 1
[LOG] SystemI::createSoundInternal             : exinfo->suggestedsoundtype = 5
[LOG] SystemI::createSoundInternal             : exinfo->useropen           = 00007FFD00E557A0
[LOG] SystemI::createSoundInternal             : exinfo->userclose          = 00007FFD00E55770
[LOG] SystemI::createSoundInternal             : exinfo->userread           = 00007FFD00E55870
[LOG] SystemI::createSoundInternal             : exinfo->userseek           = 00007FFD00E55920
[LOG] SystemI::createSoundInternal             : exinfo->fileuserdata       = 0000000066159978
[LOG] SystemI::createSoundInternal             : exinfo->initialseekpostype = 1
[LOG] SystemI::DSPCodecPoolRegister            : register codec pool for pool type 5
[LOG] SystemI::createSoundInternal             : Format has 1 subsounds.
[LOG] SystemI::createSoundInternal             : Create as FMOD_CREATESAMPLE
[LOG] SystemI::createSoundInternal             : Multi-sample sound (1 subsounds), create a sample container.
[LOG] SystemI::createSoundInternal             : creating subsound 0/1
[LOG] SystemI::createSample                    : mode 02000202 length 54614 samples, lengthbytes 19808
[LOG] SystemI::createSample                    : channels = 2
[LOG] SystemI::createSample                    : output = 0000000076C82D28
[LOG] OutputSoftware::createSample             : lengthpcm 54614, lengthbytes 19808, channels 2, format 2, freq 48000, mode 0200020a
[LOG] SystemI::createSoundInternal             : No name found in file, use filename.
[LOG] SystemI::createSoundInternal             : done.  OpenState now = FMOD_OPENSTATE_READY.

[LOG] SystemI::createSound                     : filename = BUG\Build\Desktop/Master Bank.bank : mode 02010082
[LOG] SystemI::createSound                     : FMOD_NONBLOCKING specified.  Putting into queue to be opened asynchronously!
[LOG] SystemI::createSound                     : setdata soundi = 000000003F0948F8 : node = 0000000076B92BF0
[LOG] SystemI::createSound                     : add node to async list : head = 000000002068E978.  list count = 0
[LOG] AsyncThread::threadFunc                  : Starting Asynchronous operation on sound 000000003F0948F8
[LOG] SystemI::createSoundInternal             :     filename = BUG\Build\Desktop/Master Bank.bank : mode 02010082
[LOG] SystemI::createSoundInternal             :     exinfo->cbsize             = 232
[LOG] SystemI::createSoundInternal             :     exinfo->length             = 4892384
[LOG] SystemI::createSoundInternal             :     exinfo->fileoffset         = 38976
[LOG] SystemI::createSoundInternal             :     exinfo->numsubsounds       = 1
[LOG] SystemI::createSoundInternal             :     exinfo->inclusionlist      = 0000000076B92D08
[LOG] SystemI::createSoundInternal             :     exinfo->inclusionlistnum   = 1
[LOG] SystemI::createSoundInternal             :     exinfo->suggestedsoundtype = 5
[LOG] SystemI::createSoundInternal             :     exinfo->initialseekpostype = 1
[LOG] SystemI::createSoundInternal             :     Format has 1 subsounds.
[LOG] SystemI::createSoundInternal             :     Create as FMOD_CREATESTREAM
[LOG] System::createSoundInternal              :     decode buffersize = 19200 : blocksize = 256 : format = 2
[LOG] SystemI::createSample                    :     mode 02010082 length 19200 samples, lengthbytes 245344
[LOG] SystemI::createSample                    :     channels = 2
[LOG] SystemI::createSample                    :     output = 0000000076C82D28
[LOG] OutputSoftware::createSample             :     lengthpcm 19200, lengthbytes 245344, channels 2, format 2, freq 48000, mode 0201008a
[LOG] System::createSoundInternal              :     1 subsounds detected.
[LOG] System::createSoundInternal              :     Seek stream to start
[LOG] System::createSoundInternal              :     flush stream buffer
[LOG] System::createSoundInternal              :     flush successful.
[LOG] System::createSoundInternal              :     switch file handle from small blocking single buffered to large nonblocking doublebuffered.
[LOG] SystemI::createSoundInternal             :     done.  OpenState now = FMOD_OPENSTATE_READY.

[LOG] AsyncThread::threadFunc                  : Finished Asynchronous operation on sound 000000003F0948F8
[LOG] SoundI::getSubSound                      : sound 000000003F0948F8.  Subsound index 0 / 1
[LOG] SystemI::createSoundInternal             : filename =  : mode 02000202
[LOG] SystemI::createSoundInternal             : exinfo->cbsize             = 232
[LOG] SystemI::createSoundInternal             : exinfo->length             = 4892384
[LOG] SystemI::createSoundInternal             : exinfo->fileoffset         = 38976
[LOG] SystemI::createSoundInternal             : exinfo->numsubsounds       = 1
[LOG] SystemI::createSoundInternal             : exinfo->inclusionlist      = 000000007627F5FC
[LOG] SystemI::createSoundInternal             : exinfo->inclusionlistnum   = 1
[LOG] SystemI::createSoundInternal             : exinfo->suggestedsoundtype = 5
[LOG] SystemI::createSoundInternal             : exinfo->useropen           = 00007FFD00E557A0
[LOG] SystemI::createSoundInternal             : exinfo->userclose          = 00007FFD00E55770
[LOG] SystemI::createSoundInternal             : exinfo->userread           = 00007FFD00E55870
[LOG] SystemI::createSoundInternal             : exinfo->userseek           = 00007FFD00E55920
[LOG] SystemI::createSoundInternal             : exinfo->fileuserdata       = 000000007759F2C8
[LOG] SystemI::createSoundInternal             : exinfo->initialseekpostype = 1
[LOG] SystemI::DSPCodecPoolRegister            : register codec pool for pool type 5
[LOG] SystemI::createSoundInternal             : Format has 1 subsounds.
[LOG] SystemI::createSoundInternal             : Create as FMOD_CREATESAMPLE
[LOG] SystemI::createSoundInternal             : Multi-sample sound (1 subsounds), create a sample container.
[LOG] SystemI::createSoundInternal             : creating subsound 0/1
[LOG] SystemI::createSample                    : mode 02000202 length 58939 samples, lengthbytes 17568
[LOG] SystemI::createSample                    : channels = 2
[LOG] SystemI::createSample                    : output = 0000000076C82D28
[LOG] OutputSoftware::createSample             : lengthpcm 58939, lengthbytes 17568, channels 2, format 2, freq 48000, mode 0200020a
[LOG] SystemI::createSoundInternal             : No name found in file, use filename.
[LOG] SystemI::createSoundInternal             : done.  OpenState now = FMOD_OPENSTATE_READY.

[LOG] SoundI::release                          : hack_survol (000000003F0948F8)
[LOG] SoundI::release                          : remove stream samples. (000000003F0948F8)
[LOG] SoundI::release                          :     hack_survol (000000002068F868)
[LOG] SoundI::release                          :     done
[LOG] SoundI::release                          : release subsounds. (000000003F0948F8)
[LOG] SoundI::release                          :     hack_survol (00000000662D3008)
[LOG] SoundI::release                          :     done
[LOG] SoundI::release                          : release codec. (000000003F0948F8)
[LOG] SoundI::release                          : done
[LOG] SystemI::createSoundInternal             : filename =  : mode 02000202
[LOG] SystemI::createSoundInternal             : exinfo->cbsize             = 232
[LOG] SystemI::createSoundInternal             : exinfo->length             = 4892384
[LOG] SystemI::createSoundInternal             : exinfo->fileoffset         = 38976
[LOG] SystemI::createSoundInternal             : exinfo->numsubsounds       = 1
[LOG] SystemI::createSoundInternal             : exinfo->inclusionlist      = 000000007627F5FC
[LOG] SystemI::createSoundInternal             : exinfo->inclusionlistnum   = 1
[LOG] SystemI::createSoundInternal             : exinfo->suggestedsoundtype = 5
[LOG] SystemI::createSoundInternal             : exinfo->useropen           = 00007FFD00E557A0
[LOG] SystemI::createSoundInternal             : exinfo->userclose          = 00007FFD00E55770
[LOG] SystemI::createSoundInternal             : exinfo->userread           = 00007FFD00E55870
[LOG] SystemI::createSoundInternal             : exinfo->userseek           = 00007FFD00E55920
[LOG] SystemI::createSoundInternal             : exinfo->fileuserdata       = 00000000769A2618
[LOG] SystemI::createSoundInternal             : exinfo->initialseekpostype = 1
[LOG] SystemI::DSPCodecPoolRegister            : register codec pool for pool type 5
[LOG] SystemI::createSoundInternal             : Format has 1 subsounds.
[LOG] SystemI::createSoundInternal             : Create as FMOD_CREATESAMPLE
[LOG] SystemI::createSoundInternal             : Multi-sample sound (1 subsounds), create a sample container.
[LOG] SystemI::createSoundInternal             : creating subsound 0/1
[LOG] SystemI::createSample                    : mode 02000202 length 53586 samples, lengthbytes 19072
[LOG] SystemI::createSample                    : channels = 2
[LOG] SystemI::createSample                    : output = 0000000076C82D28
[LOG] OutputSoftware::createSample             : lengthpcm 53586, lengthbytes 19072, channels 2, format 2, freq 48000, mode 0200020a
[LOG] SystemI::createSoundInternal             : No name found in file, use filename.
[LOG] SystemI::createSoundInternal             : done.  OpenState now = FMOD_OPENSTATE_READY.

[LOG] SystemI::createSoundInternal             : filename =  : mode 02000202
[LOG] SystemI::createSoundInternal             : exinfo->cbsize             = 232
[LOG] SystemI::createSoundInternal             : exinfo->length             = 4892384
[LOG] SystemI::createSoundInternal             : exinfo->fileoffset         = 38976
[LOG] SystemI::createSoundInternal             : exinfo->numsubsounds       = 1
[LOG] SystemI::createSoundInternal             : exinfo->inclusionlist      = 000000007627F5FC
[LOG] SystemI::createSoundInternal             : exinfo->inclusionlistnum   = 1
[LOG] SystemI::createSoundInternal             : exinfo->suggestedsoundtype = 5
[LOG] SystemI::createSoundInternal             : exinfo->useropen           = 00007FFD00E557A0
[LOG] SystemI::createSoundInternal             : exinfo->userclose          = 00007FFD00E55770
[LOG] SystemI::createSoundInternal             : exinfo->userread           = 00007FFD00E55870
[LOG] SystemI::createSoundInternal             : exinfo->userseek           = 00007FFD00E55920
[LOG] SystemI::createSoundInternal             : exinfo->fileuserdata       = 00000000769A2618
[LOG] SystemI::createSoundInternal             : exinfo->initialseekpostype = 1
[LOG] SystemI::DSPCodecPoolRegister            : register codec pool for pool type 5
[LOG] SystemI::createSoundInternal             : Format has 1 subsounds.
[LOG] SystemI::createSoundInternal             : Create as FMOD_CREATESAMPLE
[LOG] SystemI::createSoundInternal             : Multi-sample sound (1 subsounds), create a sample container.
[LOG] SystemI::createSoundInternal             : creating subsound 0/1
[LOG] SystemI::createSample                    : mode 02000202 length 53586 samples, lengthbytes 22240
[LOG] SystemI::createSample                    : channels = 2
[LOG] SystemI::createSample                    : output = 0000000076C82D28
[LOG] OutputSoftware::createSample             : lengthpcm 53586, lengthbytes 22240, channels 2, format 2, freq 48000, mode 0200020a
[LOG] SystemI::createSoundInternal             : No name found in file, use filename.
[LOG] SystemI::createSoundInternal             : done.  OpenState now = FMOD_OPENSTATE_READY.

[LOG] SystemI::createSoundInternal             : filename =  : mode 02000202
[LOG] SystemI::createSoundInternal             : exinfo->cbsize             = 232
[LOG] SystemI::createSoundInternal             : exinfo->length             = 4892384
[LOG] SystemI::createSoundInternal             : exinfo->fileoffset         = 38976
[LOG] SystemI::createSoundInternal             : exinfo->numsubsounds       = 1
[LOG] SystemI::createSoundInternal             : exinfo->inclusionlist      = 000000007627F5FC
[LOG] SystemI::createSoundInternal             : exinfo->inclusionlistnum   = 1
[LOG] SystemI::createSoundInternal             : exinfo->suggestedsoundtype = 5
[LOG] SystemI::createSoundInternal             : exinfo->useropen           = 00007FFD00E557A0
[LOG] SystemI::createSoundInternal             : exinfo->userclose          = 00007FFD00E55770
[LOG] SystemI::createSoundInternal             : exinfo->userread           = 00007FFD00E55870
[LOG] SystemI::createSoundInternal             : exinfo->userseek           = 00007FFD00E55920
[LOG] SystemI::createSoundInternal             : exinfo->fileuserdata       = 00000000769A2618
[LOG] SystemI::createSoundInternal             : exinfo->initialseekpostype = 1
[LOG] SystemI::DSPCodecPoolRegister            : register codec pool for pool type 5
[LOG] SystemI::createSoundInternal             : Format has 1 subsounds.
[LOG] SystemI::createSoundInternal             : Create as FMOD_CREATESAMPLE
[LOG] SystemI::createSoundInternal             : Multi-sample sound (1 subsounds), create a sample container.
[LOG] SystemI::createSoundInternal             : creating subsound 0/1
[LOG] SystemI::createSample                    : mode 02000202 length 53586 samples, lengthbytes 20288
[LOG] SystemI::createSample                    : channels = 2
[LOG] SystemI::createSample                    : output = 0000000076C82D28
[LOG] OutputSoftware::createSample             : lengthpcm 53586, lengthbytes 20288, channels 2, format 2, freq 48000, mode 0200020a
[LOG] SystemI::createSoundInternal             : No name found in file, use filename.
[LOG] SystemI::createSoundInternal             : done.  OpenState now = FMOD_OPENSTATE_READY.

[LOG] SystemI::createSoundInternal             : filename =  : mode 02000202
[LOG] SystemI::createSoundInternal             : exinfo->cbsize             = 232
[LOG] SystemI::createSoundInternal             : exinfo->length             = 4892384
[LOG] SystemI::createSoundInternal             : exinfo->fileoffset         = 38976
[LOG] SystemI::createSoundInternal             : exinfo->numsubsounds       = 1
[LOG] SystemI::createSoundInternal             : exinfo->inclusionlist      = 000000007627F5FC
[LOG] SystemI::createSoundInternal             : exinfo->inclusionlistnum   = 1
[LOG] SystemI::createSoundInternal             : exinfo->suggestedsoundtype = 5
[LOG] SystemI::createSoundInternal             : exinfo->useropen           = 00007FFD00E557A0
[LOG] SystemI::createSoundInternal             : exinfo->userclose          = 00007FFD00E55770
[LOG] SystemI::createSoundInternal             : exinfo->userread           = 00007FFD00E55870
[LOG] SystemI::createSoundInternal             : exinfo->userseek           = 00007FFD00E55920
[LOG] SystemI::createSoundInternal             : exinfo->fileuserdata       = 00000000769A2618
[LOG] SystemI::createSoundInternal             : exinfo->initialseekpostype = 1
[LOG] SystemI::DSPCodecPoolRegister            : register codec pool for pool type 5
[LOG] SystemI::createSoundInternal             : Format has 1 subsounds.
[LOG] SystemI::createSoundInternal             : Create as FMOD_CREATESAMPLE
[LOG] SystemI::createSoundInternal             : Multi-sample sound (1 subsounds), create a sample container.
[LOG] SystemI::createSoundInternal             : creating subsound 0/1
[LOG] SystemI::createSample                    : mode 02000202 length 53586 samples, lengthbytes 17152
[LOG] SystemI::createSample                    : channels = 2
[LOG] SystemI::createSample                    : output = 0000000076C82D28
[LOG] OutputSoftware::createSample             : lengthpcm 53586, lengthbytes 17152, channels 2, format 2, freq 48000, mode 0200020a
[LOG] SystemI::createSoundInternal             : No name found in file, use filename.
[LOG] SystemI::createSoundInternal             : done.  OpenState now = FMOD_OPENSTATE_READY.

[LOG] SoundI::release                          : mult1_kick_bass_synth (000000007696E608)
[LOG] SoundI::release                          : remove stream samples. (000000007696E608)
[LOG] SoundI::release                          :     mult1_kick_bass_synth (000000002068ED08)
[LOG] SoundI::release                          :     done
[LOG] SoundI::release                          : release subsounds. (000000007696E608)
[LOG] SoundI::release                          :     mult1_kick_bass_synth (000000003F094C58)
[LOG] SoundI::release                          :     done
[LOG] SoundI::release                          : release codec. (000000007696E608)
[LOG] SoundI::release                          : done
[LOG] SoundI::release                          :  (0000000011483648)
[LOG] SoundI::release                          : release subsounds. (0000000011483648)
[LOG] SoundI::release                          :     readytohack (000000002068F388)
[LOG] SoundI::release                          :     done
[LOG] SoundI::release                          : release codec. (0000000011483648)
[LOG] SoundI::release                          : done
[LOG] SoundI::release                          :  (00000000114831F8)
[LOG] SoundI::release                          : release subsounds. (00000000114831F8)
[LOG] SoundI::release                          :     jaugehackpleine (000000002068F1E8)
[LOG] SoundI::release                          :     done
[LOG] SoundI::release                          : release codec. (00000000114831F8)
[LOG] SoundI::release                          : done
[LOG] SoundI::release                          :  (0000000076DB6188)
[LOG] SoundI::release                          : release subsounds. (0000000076DB6188)
[LOG] SoundI::release                          :     hack_début (000000002068F528)
[LOG] SoundI::release                          :     done
[LOG] SoundI::release                          : release codec. (0000000076DB6188)
[LOG] SoundI::release                          : done
[LOG] SoundI::release                          :  (0000000076DB62F8)
[LOG] SoundI::release                          : release subsounds. (0000000076DB62F8)
[LOG] SoundI::release                          :     hack_fin (000000002068FBA8)
[LOG] SoundI::release                          :     done
[LOG] SoundI::release                          : release codec. (0000000076DB62F8)
[LOG] SoundI::release                          : done
[LOG] SoundI::release                          :  (0000000076DB68B8)
[LOG] SoundI::release                          : release subsounds. (0000000076DB68B8)
[LOG] SoundI::release                          :     exmplosionenemy-002 (0000000076D508B8)
[LOG] SoundI::release                          :     done
[LOG] SoundI::release                          : release codec. (0000000076DB68B8)
[LOG] SoundI::release                          : done
[LOG] SoundI::release                          :  (0000000076DB5D38)
[LOG] SoundI::release                          : release subsounds. (0000000076DB5D38)
[LOG] SoundI::release                          :     exmplosionenemy-003 (0000000076D51758)
[LOG] SoundI::release                          :     done
[LOG] SoundI::release                          : release codec. (0000000076DB5D38)
[LOG] SoundI::release                          : done
[LOG] SoundI::release                          :  (0000000076DB6748)
[LOG] SoundI::release                          : release subsounds. (0000000076DB6748)
[LOG] SoundI::release                          :     exmplosionenemy-004 (0000000076D50718)
[LOG] SoundI::release                          :     done
[LOG] SoundI::release                          : release codec. (0000000076DB6748)
[LOG] SoundI::release                          : done
[LOG] SoundI::release                          :  (0000000076DB65D8)
[LOG] SoundI::release                          : release subsounds. (0000000076DB65D8)
[LOG] SoundI::release                          :     exmplosionenemy-001 (0000000076D50BF8)
[LOG] SoundI::release                          :     done
[LOG] SoundI::release                          : release codec. (0000000076DB65D8)
[LOG] SoundI::release                          : done
[LOG] Thread::callback                         : FMOD Studio update thread finished.
[LOG] Thread::callback                         : FMOD Studio bank load thread finished.
[LOG] Profile::disconnectAll                   : Profiler disconnecting all clients
[LOG] Thread::callback                         : FMOD Studio sample load thread finished.
[LOG] LiveUpdate::release                      : 
[LOG] LiveUpdate::reset                        : Reset connection (reason Disconnected)
[LOG] SystemI::close                           : 
[LOG] SystemI::close                           : Stop all sounds
[LOG] Thread::callback                         : FMOD stream thread finished.
[LOG] SystemI::close                           : Stream thread destroyed
[LOG] Thread::callback                         : FMOD mixer thread finished.
[LOG] Profile::disconnectAll                   : Profiler disconnecting all clients
[LOG] SystemI::close                           : Free master channel group.
[LOG] SystemI::close                           : Remove 'master' sound group.
[LOG] SystemI::close                           : Free software output.
[LOG] SystemI::close                           : Free emulated output.
[LOG] SystemI::close                           : Free channel pool.
[LOG] SystemI::close                           : done.

[LOG] Manager::readBank                        : fileversion = 99, compatVersion = 99 (oldest = 44, newest = 99)
[LOG] Manager::readBank                        : fileversion = 99, compatVersion = 99 (oldest = 44, newest = 99)
[LOG] Manager::readBank                        : fileversion = 99, compatVersion = 99 (oldest = 44, newest = 99)
[LOG] Manager::readBank                        : fileversion = 99, compatVersion = 99 (oldest = 44, newest = 99)
[LOG] Manager::readBank                        : fileversion = 99, compatVersion = 99 (oldest = 44, newest = 99)
[LOG] Manager::readBank                        : fileversion = 99, compatVersion = 99 (oldest = 44, newest = 99)
[LOG] PlaybackSystem::acquireMasterBus         : Setting master channel group format to 6
